[2019-09-21 10:55:13]  ----- BEGIN -----
[2019-09-21 10:55:13]  Old version 
[2019-10-12 04:17:56]  ----- BEGIN -----
[2019-10-12 04:17:56]  Old version 1.6.6
[2019-10-12 04:17:56]  Store plugin version 1.6.6
[2019-10-12 04:17:56]  ----- END -----

[2019-10-12 04:18:15]  ----- BEGIN -----
[2019-10-12 04:18:15]  Old version 1.6.6
[2019-10-12 04:18:16]  Store plugin version 1.6.6
[2019-10-12 04:18:16]  ----- END -----

[2019-10-12 04:18:35]  ----- BEGIN -----
[2019-10-12 04:18:35]  Old version 1.6.6
[2019-10-12 04:18:35]  Store plugin version 1.6.6
[2019-10-12 04:18:35]  ----- END -----

[2019-10-12 04:18:51]  ----- BEGIN -----
[2019-10-12 04:18:51]  Old version 1.6.6
[2019-10-12 04:18:51]  Store plugin version 1.6.6
[2019-10-12 04:18:51]  ----- END -----

[2019-10-12 04:19:10]  ----- BEGIN -----
[2019-10-12 04:19:10]  Old version 1.6.6
[2019-10-12 04:19:10]  Store plugin version 1.6.6
[2019-10-12 04:19:10]  ----- END -----

[2019-10-12 04:19:36]  ----- BEGIN -----
[2019-10-12 04:19:36]  Old version 1.6.6
[2019-10-12 04:19:36]  Store plugin version 1.6.6
[2019-10-12 04:19:36]  ----- END -----

[2019-10-12 04:19:53]  ----- BEGIN -----
[2019-10-12 04:19:53]  Old version 1.6.6
[2019-10-12 04:19:53]  Store plugin version 1.6.6
[2019-10-12 04:19:53]  ----- END -----

[2019-10-12 04:20:12]  ----- BEGIN -----
[2019-10-12 04:20:12]  Old version 1.6.6
[2019-10-12 04:20:12]  Store plugin version 1.6.6
[2019-10-12 04:20:12]  ----- END -----

[2019-10-12 04:20:36]  ----- BEGIN -----
[2019-10-12 04:20:36]  Old version 1.6.6
[2019-10-12 04:20:36]  Store plugin version 1.6.6
[2019-10-12 04:20:36]  ----- END -----

[2019-10-12 04:20:52]  ----- BEGIN -----
[2019-10-12 04:20:52]  Old version 1.6.6
[2019-10-12 04:20:52]  Store plugin version 1.6.6
[2019-10-12 04:20:52]  ----- END -----

[2019-10-12 04:21:16]  ----- BEGIN -----
[2019-10-12 04:21:16]  Old version 1.6.6
[2019-10-12 04:21:16]  Store plugin version 1.6.6
[2019-10-12 04:21:16]  ----- END -----

[2019-10-12 04:21:38]  ----- BEGIN -----
[2019-10-12 04:21:38]  Old version 1.6.6
[2019-10-12 04:21:38]  Store plugin version 1.6.6
[2019-10-12 04:21:38]  ----- END -----

[2019-10-12 04:21:57]  ----- BEGIN -----
[2019-10-12 04:21:57]  Old version 1.6.6
[2019-10-12 04:21:57]  Store plugin version 1.6.6
[2019-10-12 04:21:57]  ----- END -----

[2019-10-12 04:22:24]  ----- BEGIN -----
[2019-10-12 04:22:24]  Old version 1.6.6
[2019-10-12 04:22:24]  Store plugin version 1.6.6
[2019-10-12 04:22:24]  ----- END -----

[2019-10-12 04:27:13]  ----- BEGIN -----
[2019-10-12 04:27:13]  Old version 1.6.6
[2019-10-12 04:27:13]  Store plugin version 1.6.6
[2019-10-12 04:27:13]  ----- END -----

[2019-10-12 04:44:07]  ----- BEGIN -----
[2019-10-12 04:44:07]  Old version 1.6.6
[2019-10-12 04:44:07]  Store plugin version 1.6.6
[2019-10-12 04:44:07]  ----- END -----

[2019-10-12 04:44:39]  ----- BEGIN -----
[2019-10-12 04:44:39]  Old version 1.6.6
[2019-10-12 04:44:39]  Store plugin version 1.6.6
[2019-10-12 04:44:39]  ----- END -----

[2019-10-12 04:45:23]  ----- BEGIN -----
[2019-10-12 04:45:23]  Old version 1.6.6
[2019-10-12 04:45:24]  Store plugin version 1.6.6
[2019-10-12 04:45:24]  ----- END -----

[2019-10-12 09:49:04]  ----- BEGIN -----
[2019-10-12 09:49:04]  Old version 1.6.6
[2019-10-12 09:49:04]  Store plugin version 1.6.6
[2019-10-12 09:49:04]  ----- END -----

[2019-10-12 19:12:30]  ----- BEGIN -----
[2019-10-12 19:12:30]  Old version 1.6.6
[2019-10-12 19:12:30]  Store plugin version 1.6.6
[2019-10-12 19:12:30]  ----- END -----

[2019-10-12 19:15:28]  ----- BEGIN -----
[2019-10-12 19:15:28]  Old version 1.6.6
[2019-10-12 19:15:28]  Store plugin version 1.6.6
[2019-10-12 19:15:28]  ----- END -----

[2019-11-02 16:00:07]  ----- BEGIN -----
[2019-11-02 16:00:07]  Old version 
[2019-11-02 16:31:04]  ----- BEGIN -----
[2019-11-02 16:31:04]  Old version 1.6.6
[2019-11-02 16:31:04]  Store plugin version 1.6.6
[2019-11-02 16:31:04]  ----- END -----

[2019-11-02 17:16:04]  ----- BEGIN -----
[2019-11-02 17:16:04]  Old version 1.6.6
[2019-11-02 17:16:04]  Store plugin version 1.6.6
[2019-11-02 17:16:04]  ----- END -----

[2019-11-02 19:04:14]  ----- BEGIN -----
[2019-11-02 19:04:14]  Old version 1.6.6
[2019-11-02 19:04:14]  Store plugin version 1.6.6
[2019-11-02 19:04:14]  ----- END -----

[2019-11-02 20:20:12]  ----- BEGIN -----
[2019-11-02 20:20:12]  Old version 1.6.6
[2019-11-02 20:20:12]  Store plugin version 1.6.6
[2019-11-02 20:20:12]  ----- END -----

[2019-11-03 03:41:50]  ----- BEGIN -----
[2019-11-03 03:41:50]  Old version 1.6.6
[2019-11-03 03:41:50]  Store plugin version 1.6.6
[2019-11-03 03:41:50]  ----- END -----

